<?xml version="1.0" encoding="UTF-8"?>
<!-- Generated by org.testng.reporters.JUnitReportReporter -->
<testsuite hostname="SIMRAN-BV08BA2P" failures="0" tests="5" name="testLayer.LoginTest" time="58.316" errors="0" timestamp="2023-08-02T00:34:50 GMT-04:00" skipped="0">
  <testcase classname="testLayer.LoginTest" name="title" time="3.069"/>
  <system-out/>
  <testcase classname="testLayer.LoginTest" name="Login" time="13.465"/>
  <system-out/>
  <testcase classname="testLayer.LoginTest" name="Login" time="13.705"/>
  <system-out/>
  <testcase classname="testLayer.LoginTest" name="Login" time="13.365"/>
  <system-out/>
  <testcase classname="testLayer.LoginTest" name="Login" time="14.712"/>
  <system-out/>
</testsuite> <!-- testLayer.LoginTest -->
